ERROR:root:name 'keyboardsc' is not defined
ERROR:root:name 'keyboardsc' is not defined
ERROR:root:'str' object has no attribute 'spilt'
ERROR:root:'str' object has no attribute 'spilt'
ERROR:TeleBot:A request to the Telegram API was unsuccessful. Error code: 502. Description: Bad Gateway
ERROR:TeleBot:A request to the Telegram API was unsuccessful. Error code: 502. Description: Bad Gateway
ERROR:root:('Connection aborted.', ConnectionAbortedError(10053, 'Программа на вашем хост-компьютере разорвала установленное подключение', None, 10053, None))
ERROR:root:[WinError 2] Не удается найти указанный файл: 'img/AgACAgIAAxkBAAIlnWDWOh01sjTLzRrr3KEMSEt7m-JgAAJytDEbZw2wSvcoAqPdYjh3AQADAgADcwADIAQ.jpg'
ERROR:TeleBot:A request to the Telegram API was unsuccessful. Error code: 400. Description: Bad Request: message to delete not found
ERROR:root:'NoneType' object is not iterable
ERROR:TeleBot:A request to the Telegram API was unsuccessful. Error code: 409. Description: Conflict: terminated by other getUpdates request; make sure that only one bot instance is running
ERROR:TeleBot:A request to the Telegram API was unsuccessful. Error code: 409. Description: Conflict: terminated by other getUpdates request; make sure that only one bot instance is running
ERROR:TeleBot:A request to the Telegram API was unsuccessful. Error code: 400. Description: Bad Request: message to delete not found
ERROR:TeleBot:A request to the Telegram API was unsuccessful. Error code: 409. Description: Conflict: terminated by other getUpdates request; make sure that only one bot instance is running
ERROR:TeleBot:A request to the Telegram API was unsuccessful. Error code: 409. Description: Conflict: terminated by other getUpdates request; make sure that only one bot instance is running
ERROR:TeleBot:A request to the Telegram API was unsuccessful. Error code: 409. Description: Conflict: terminated by other getUpdates request; make sure that only one bot instance is running
ERROR:TeleBot:A request to the Telegram API was unsuccessful. Error code: 409. Description: Conflict: terminated by other getUpdates request; make sure that only one bot instance is running
ERROR:TeleBot:A request to the Telegram API was unsuccessful. Error code: 409. Description: Conflict: terminated by other getUpdates request; make sure that only one bot instance is running
ERROR:TeleBot:A request to the Telegram API was unsuccessful. Error code: 409. Description: Conflict: terminated by other getUpdates request; make sure that only one bot instance is running
ERROR:TeleBot:A request to the Telegram API was unsuccessful. Error code: 409. Description: Conflict: terminated by other getUpdates request; make sure that only one bot instance is running
ERROR:TeleBot:A request to the Telegram API was unsuccessful. Error code: 409. Description: Conflict: terminated by other getUpdates request; make sure that only one bot instance is running
ERROR:TeleBot:A request to the Telegram API was unsuccessful. Error code: 409. Description: Conflict: terminated by other getUpdates request; make sure that only one bot instance is running
ERROR:TeleBot:A request to the Telegram API was unsuccessful. Error code: 409. Description: Conflict: terminated by other getUpdates request; make sure that only one bot instance is running
ERROR:TeleBot:A request to the Telegram API was unsuccessful. Error code: 409. Description: Conflict: terminated by other getUpdates request; make sure that only one bot instance is running
ERROR:TeleBot:A request to the Telegram API was unsuccessful. Error code: 401. Description: Unauthorized
ERROR:TeleBot:A request to the Telegram API was unsuccessful. Error code: 401. Description: Unauthorized
ERROR:TeleBot:A request to the Telegram API was unsuccessful. Error code: 401. Description: Unauthorized
ERROR:TeleBot:A request to the Telegram API was unsuccessful. Error code: 401. Description: Unauthorized
ERROR:TeleBot:A request to the Telegram API was unsuccessful. Error code: 401. Description: Unauthorized
ERROR:TeleBot:A request to the Telegram API was unsuccessful. Error code: 401. Description: Unauthorized
ERROR:TeleBot:A request to the Telegram API was unsuccessful. Error code: 401. Description: Unauthorized
